# JRE version: OpenJDK Runtime Environment (11.0.4+11) (build 11.0.4+11-post-Ubuntu-1ubuntu218.04.3)
# Java VM: OpenJDK 64-Bit Server VM (11.0.4+11-post-Ubuntu-1ubuntu218.04.3, mixed mode, sharing, tiered, compressed oops, g1 gc, linux-amd64)
Heap:
 garbage-first heap   total 336896K, used 87672K [0x00000000c0000000, 0x0000000100000000)
  region size 1024K, 1 young (1024K), 1 survivors (1024K)
 Metaspace       used 45742K, capacity 48231K, committed 48688K, reserved 1091584K
  class space    used 4773K, capacity 5659K, committed 5760K, reserved 1048576K
GC Heap History (10 events):
Event: 26.657 GC heap after
{Heap after GC invocations=15 (full 0):
 garbage-first heap   total 98304K, used 31124K [0x00000000c0000000, 0x0000000100000000)
  region size 1024K, 3 young (3072K), 3 survivors (3072K)
 Metaspace       used 38352K, capacity 40810K, committed 41136K, reserved 1085440K
  class space    used 4111K, capacity 5000K, committed 5120K, reserved 1048576K
}
Event: 26.936 GC heap before
{Heap before GC invocations=15 (full 0):
 garbage-first heap   total 98304K, used 69012K [0x00000000c0000000, 0x0000000100000000)
  region size 1024K, 40 young (40960K), 3 survivors (3072K)
 Metaspace       used 38640K, capacity 41037K, committed 41392K, reserved 1085440K
  class space    used 4146K, capacity 5033K, committed 5120K, reserved 1048576K
}
Event: 26.998 GC heap after
{Heap after GC invocations=16 (full 0):
 garbage-first heap   total 118784K, used 35313K [0x00000000c0000000, 0x0000000100000000)
  region size 1024K, 4 young (4096K), 4 survivors (4096K)
 Metaspace       used 38640K, capacity 41037K, committed 41392K, reserved 1085440K
  class space    used 4146K, capacity 5033K, committed 5120K, reserved 1048576K
}
Event: 35.599 GC heap before
{Heap before GC invocations=16 (full 0):
 garbage-first heap   total 118784K, used 86513K [0x00000000c0000000, 0x0000000100000000)
  region size 1024K, 42 young (43008K), 4 survivors (4096K)
 Metaspace       used 43984K, capacity 46510K, committed 47024K, reserved 1091584K
  class space    used 4631K, capacity 5511K, committed 5632K, reserved 1048576K
}
Event: 35.789 GC heap after
{Heap after GC invocations=17 (full 0):
 garbage-first heap   total 118784K, used 47316K [0x00000000c0000000, 0x0000000100000000)
  region size 1024K, 4 young (4096K), 4 survivors (4096K)
 Metaspace       used 43984K, capacity 46510K, committed 47024K, reserved 1091584K
  class space    used 4631K, capacity 5511K, committed 5632K, reserved 1048576K
}
Event: 38.104 GC heap before
{Heap before GC invocations=18 (full 0):
 garbage-first heap   total 118784K, used 116948K [0x00000000c0000000, 0x0000000100000000)
  region size 1024K, 27 young (27648K), 4 survivors (4096K)
 Metaspace       used 45133K, capacity 47619K, committed 48048K, reserved 1091584K
  class space    used 4733K, capacity 5626K, committed 5632K, reserved 1048576K
}
Event: 38.417 GC heap after
{Heap after GC invocations=19 (full 0):
 garbage-first heap   total 136192K, used 65817K [0x00000000c0000000, 0x0000000100000000)
  region size 1024K, 6 young (6144K), 6 survivors (6144K)
 Metaspace       used 45133K, capacity 47619K, committed 48048K, reserved 1091584K
  class space    used 4733K, capacity 5626K, committed 5632K, reserved 1048576K
}
Event: 39.979 GC heap before
{Heap before GC invocations=19 (full 0):
 garbage-first heap   total 136192K, used 95513K [0x00000000c0000000, 0x0000000100000000)
  region size 1024K, 35 young (35840K), 6 survivors (6144K)
 Metaspace       used 45742K, capacity 48231K, committed 48688K, reserved 1091584K
  class space    used 4773K, capacity 5659K, committed 5760K, reserved 1048576K
}
Event: 41.980 GC heap after
{Heap after GC invocations=20 (full 0):
 garbage-first heap   total 136192K, used 85624K [0x00000000c0000000, 0x0000000100000000)
  region size 1024K, 5 young (5120K), 5 survivors (5120K)
 Metaspace       used 45742K, capacity 48231K, committed 48688K, reserved 1091584K
  class space    used 4773K, capacity 5659K, committed 5760K, reserved 1048576K
}
Event: 42.152 GC heap before
{Heap before GC invocations=20 (full 0):
 garbage-first heap   total 136192K, used 86648K [0x00000000c0000000, 0x0000000100000000)
  region size 1024K, 6 young (6144K), 5 survivors (5120K)
 Metaspace       used 45742K, capacity 48231K, committed 48688K, reserved 1091584K
  class space    used 4773K, capacity 5659K, committed 5760K, reserved 1048576K
}

